[07-28 22:43:14,256] INFO [main] DemoWebApplication[50] - Starting DemoWebApplication on DESKTOP-J77HSR7 with PID 10880 (E:\ideaworkspace\code-template\demo-web\target\classes started by ddg in E:\ideaworkspace\code-template)
[07-28 22:43:14,261] INFO [main] DemoWebApplication[662] - No active profile set, falling back to default profiles: default
[07-28 22:43:14,376] INFO [main] AnnotationConfigServletWebServerApplicationContext[590] - Refreshing org.springframework.boot.web.servlet.context.AnnotationConfigServletWebServerApplicationContext@35390ee3: startup date [Sun Jul 28 22:43:14 CST 2019]; root of context hierarchy
[07-28 22:43:15,753] INFO [main] TomcatWebServer[91] - Tomcat initialized with port(s): 8080 (http)
[07-28 22:43:15,770] INFO [main] Http11NioProtocol[180] - Initializing ProtocolHandler ["http-nio-8080"]
[07-28 22:43:15,782] INFO [main] StandardService[180] - Starting service [Tomcat]
[07-28 22:43:15,783] INFO [main] StandardEngine[180] - Starting Servlet Engine: Apache Tomcat/8.5.32
[07-28 22:43:15,788] INFO [localhost-startStop-1] AprLifecycleListener[180] - Loaded APR based Apache Tomcat Native library [1.2.18] using APR version [1.6.5].
[07-28 22:43:15,788] INFO [localhost-startStop-1] AprLifecycleListener[180] - APR capabilities: IPv6 [true], sendfile [true], accept filters [false], random [true].
[07-28 22:43:15,788] INFO [localhost-startStop-1] AprLifecycleListener[180] - APR/OpenSSL configuration: useAprConnector [false], useOpenSSL [true]
[07-28 22:43:15,791] INFO [localhost-startStop-1] AprLifecycleListener[180] - OpenSSL successfully initialized [OpenSSL 1.1.1  11 Sep 2018]
[07-28 22:43:15,920] INFO [localhost-startStop-1] [/][180] - Initializing Spring embedded WebApplicationContext
[07-28 22:43:15,921] INFO [localhost-startStop-1] ContextLoader[285] - Root WebApplicationContext: initialization completed in 1545 ms
[07-28 22:43:16,012] INFO [localhost-startStop-1] ServletRegistrationBean[187] - Servlet dispatcherServlet mapped to [/]
[07-28 22:43:16,017] INFO [localhost-startStop-1] FilterRegistrationBean[245] - Mapping filter: 'characterEncodingFilter' to: [/*]
[07-28 22:43:16,018] INFO [localhost-startStop-1] FilterRegistrationBean[245] - Mapping filter: 'hiddenHttpMethodFilter' to: [/*]
[07-28 22:43:16,018] INFO [localhost-startStop-1] FilterRegistrationBean[245] - Mapping filter: 'httpPutFormContentFilter' to: [/*]
[07-28 22:43:16,019] INFO [localhost-startStop-1] FilterRegistrationBean[245] - Mapping filter: 'requestContextFilter' to: [/*]
[07-28 22:43:16,499] INFO [main] SimpleUrlHandlerMapping[373] - Mapped URL path [/**/favicon.ico] onto handler of type [class org.springframework.web.servlet.resource.ResourceHttpRequestHandler]
[07-28 22:43:16,749] INFO [main] RequestMappingHandlerAdapter[574] - Looking for @ControllerAdvice: org.springframework.boot.web.servlet.context.AnnotationConfigServletWebServerApplicationContext@35390ee3: startup date [Sun Jul 28 22:43:14 CST 2019]; root of context hierarchy
[07-28 22:43:16,929] INFO [main] RequestMappingHandlerMapping[547] - Mapped "{[/demo/test],methods=[GET]}" onto public java.lang.String com.dudg.demo.web.controller.DemoController.test()
[07-28 22:43:16,934] INFO [main] RequestMappingHandlerMapping[547] - Mapped "{[/error]}" onto public org.springframework.http.ResponseEntity<java.util.Map<java.lang.String, java.lang.Object>> org.springframework.boot.autoconfigure.web.servlet.error.BasicErrorController.error(javax.servlet.http.HttpServletRequest)
[07-28 22:43:16,935] INFO [main] RequestMappingHandlerMapping[547] - Mapped "{[/error],produces=[text/html]}" onto public org.springframework.web.servlet.ModelAndView org.springframework.boot.autoconfigure.web.servlet.error.BasicErrorController.errorHtml(javax.servlet.http.HttpServletRequest,javax.servlet.http.HttpServletResponse)
[07-28 22:43:16,972] INFO [main] SimpleUrlHandlerMapping[373] - Mapped URL path [/webjars/**] onto handler of type [class org.springframework.web.servlet.resource.ResourceHttpRequestHandler]
[07-28 22:43:16,972] INFO [main] SimpleUrlHandlerMapping[373] - Mapped URL path [/**] onto handler of type [class org.springframework.web.servlet.resource.ResourceHttpRequestHandler]
[07-28 22:43:17,271] INFO [main] AnnotationMBeanExporter[433] - Registering beans for JMX exposure on startup
[07-28 22:43:17,273] INFO [main] AnnotationMBeanExporter[895] - Bean with name 'dataSource' has been autodetected for JMX exposure
[07-28 22:43:17,279] INFO [main] AnnotationMBeanExporter[668] - Located MBean 'dataSource': registering with JMX server as MBean [com.zaxxer.hikari:name=dataSource,type=HikariDataSource]
[07-28 22:43:17,291] INFO [main] Http11NioProtocol[180] - Starting ProtocolHandler ["http-nio-8080"]
[07-28 22:43:17,303] INFO [main] NioSelectorPool[180] - Using a shared selector for servlet write/read
[07-28 22:43:17,322] INFO [main] TomcatWebServer[206] - Tomcat started on port(s): 8080 (http) with context path ''
[07-28 22:43:17,326] INFO [main] DemoWebApplication[59] - Started DemoWebApplication in 4.466 seconds (JVM running for 6.089)
[07-28 22:43:26,541] INFO [http-nio-8080-exec-2] [/][180] - Initializing Spring FrameworkServlet 'dispatcherServlet'
[07-28 22:43:26,542] INFO [http-nio-8080-exec-2] DispatcherServlet[494] - FrameworkServlet 'dispatcherServlet': initialization started
[07-28 22:43:26,567] INFO [http-nio-8080-exec-2] DispatcherServlet[509] - FrameworkServlet 'dispatcherServlet': initialization completed in 25 ms
[07-28 22:43:33,625] INFO [http-nio-8080-exec-1] HikariDataSource[110] - HikariPool-1 - Starting...
[07-28 22:43:33,820] INFO [http-nio-8080-exec-1] HikariDataSource[123] - HikariPool-1 - Start completed.
